<?xml version="1.0" encoding="UTF-8"?>
<coverage generated="1733182783580" clover="3.2.0">
  <project timestamp="1733182783580" name="All files">
    <metrics statements="14" coveredstatements="14" conditionals="2" coveredconditionals="1" methods="1" coveredmethods="1" elements="17" coveredelements="16" complexity="0" loc="14" ncloc="14" packages="1" files="2" classes="2"/>
    <file name="factory.js" path="/Users/edsonmartins/Projetos/treinamento-serveless/demo05-tooling-jest-docker-plus/tooling-jest-docker-plus-02/src/factory.js">
      <metrics statements="9" coveredstatements="9" conditionals="2" coveredconditionals="1" methods="0" coveredmethods="0"/>
      <line num="1" count="1" type="stmt"/>
      <line num="3" count="1" type="stmt"/>
      <line num="7" count="1" type="stmt"/>
      <line num="9" count="1" type="cond" truecount="1" falsecount="1"/>
      <line num="10" count="1" type="stmt"/>
      <line num="16" count="1" type="stmt"/>
      <line num="17" count="1" type="stmt"/>
      <line num="20" count="1" type="stmt"/>
      <line num="22" count="1" type="stmt"/>
    </file>
    <file name="index.js" path="/Users/edsonmartins/Projetos/treinamento-serveless/demo05-tooling-jest-docker-plus/tooling-jest-docker-plus-02/src/index.js">
      <metrics statements="5" coveredstatements="5" conditionals="0" coveredconditionals="0" methods="1" coveredmethods="1"/>
      <line num="1" count="1" type="stmt"/>
      <line num="3" count="1" type="stmt"/>
      <line num="4" count="1" type="stmt"/>
      <line num="5" count="1" type="stmt"/>
      <line num="7" count="1" type="stmt"/>
    </file>
  </project>
</coverage>
