{"/Users/edsonmartins/Projetos/treinamento-serveless/demo05-tooling-jest-docker-plus/tooling-jest-docker-plus-02/src/factory.js": {"path":"/Users/edsonmartins/Projetos/treinamento-serveless/demo05-tooling-jest-docker-plus/tooling-jest-docker-plus-02/src/factory.js","statementMap":{"0":{"start":{"line":1,"column":12},"end":{"line":1,"column":30}},"1":{"start":{"line":3,"column":17},"end":{"line":5,"column":1}},"2":{"start":{"line":7,"column":16},"end":{"line":7,"column":38}},"3":{"start":{"line":9,"column":0},"end":{"line":18,"column":1}},"4":{"start":{"line":10,"column":2},"end":{"line":15,"column":5}},"5":{"start":{"line":16,"column":15},"end":{"line":16,"column":38}},"6":{"start":{"line":17,"column":2},"end":{"line":17,"column":45}},"7":{"start":{"line":20,"column":11},"end":{"line":20,"column":31}},"8":{"start":{"line":22,"column":0},"end":{"line":24,"column":2}}},"fnMap":{},"branchMap":{"0":{"loc":{"start":{"line":9,"column":0},"end":{"line":18,"column":1}},"type":"if","locations":[{"start":{"line":9,"column":0},"end":{"line":18,"column":1}},{"start":{},"end":{}}],"line":9}},"s":{"0":1,"1":1,"2":1,"3":1,"4":1,"5":1,"6":1,"7":1,"8":1},"f":{},"b":{"0":[1,0]},"_coverageSchema":"1a1c01bbd47fc00a2c39e90264f33305004495a9","hash":"3b7aeef0e239c49691d22288311ed2869971d277"}
,"/Users/edsonmartins/Projetos/treinamento-serveless/demo05-tooling-jest-docker-plus/tooling-jest-docker-plus-02/src/index.js": {"path":"/Users/edsonmartins/Projetos/treinamento-serveless/demo05-tooling-jest-docker-plus/tooling-jest-docker-plus-02/src/index.js","statementMap":{"0":{"start":{"line":1,"column":15},"end":{"line":1,"column":35}},"1":{"start":{"line":3,"column":0},"end":{"line":17,"column":2}},"2":{"start":{"line":4,"column":21},"end":{"line":4,"column":53}},"3":{"start":{"line":5,"column":2},"end":{"line":5,"column":39}},"4":{"start":{"line":7,"column":2},"end":{"line":16,"column":4}}},"fnMap":{"0":{"name":"(anonymous_0)","decl":{"start":{"line":3,"column":25},"end":{"line":3,"column":26}},"loc":{"start":{"line":3,"column":42},"end":{"line":17,"column":1}},"line":3}},"branchMap":{},"s":{"0":1,"1":1,"2":1,"3":1,"4":1},"f":{"0":1},"b":{},"_coverageSchema":"1a1c01bbd47fc00a2c39e90264f33305004495a9","hash":"a38a3d0f4a600aee3274f564f3052d2224b6e3b5"}
}
